c:\users\win7\desktop\algoritmostrabajofinal v4\algoritmostrabajofinal\debug\algoritmostrabajofinal.myform.resources
c:\users\win7\desktop\algoritmostrabajofinal v4\algoritmostrabajofinal\debug\vc120.pdb
c:\users\win7\desktop\algoritmostrabajofinal v4\algoritmostrabajofinal\debug\zona.obj
c:\users\win7\desktop\algoritmostrabajofinal v4\algoritmostrabajofinal\debug\personaje.obj
c:\users\win7\desktop\algoritmostrabajofinal v4\algoritmostrabajofinal\debug\objetoanimado.obj
c:\users\win7\desktop\algoritmostrabajofinal v4\algoritmostrabajofinal\debug\mision.obj
c:\users\win7\desktop\algoritmostrabajofinal v4\algoritmostrabajofinal\debug\mapa.obj
c:\users\win7\desktop\algoritmostrabajofinal v4\algoritmostrabajofinal\debug\jugador.obj
c:\users\win7\desktop\algoritmostrabajofinal v4\algoritmostrabajofinal\debug\juegocontroller.obj
c:\users\win7\desktop\algoritmostrabajofinal v4\algoritmostrabajofinal\debug\imagen.obj
c:\users\win7\desktop\algoritmostrabajofinal v4\algoritmostrabajofinal\debug\enemigo.obj
c:\users\win7\desktop\algoritmostrabajofinal v4\algoritmostrabajofinal\debug\atributo.obj
c:\users\win7\desktop\algoritmostrabajofinal v4\algoritmostrabajofinal\debug\arma.obj
c:\users\win7\desktop\algoritmostrabajofinal v4\algoritmostrabajofinal\debug\arbolrn.obj
c:\users\win7\desktop\algoritmostrabajofinal v4\algoritmostrabajofinal\debug\myform.obj
c:\users\win7\desktop\algoritmostrabajofinal v4\debug\algoritmostrabajofinal.exe
c:\users\win7\desktop\algoritmostrabajofinal v4\debug\algoritmostrabajofinal.pdb
c:\users\win7\desktop\repo\nueva carpeta\algoritmostrabajofinal\algoritmostrabajofinal\debug\algoritmostrabajofinal.vcxproj.generateresource.cache
c:\users\win7\desktop\repo\nueva carpeta\algoritmostrabajofinal\algoritmostrabajofinal\debug\algoritmostrabajofinal.vcxprojresolveassemblyreference.cache
c:\users\win7\desktop\repo\nueva carpeta\algoritmostrabajofinal\algoritmostrabajofinal\debug\.netframework,version=v4.0.assemblyattributes.obj
c:\users\win7\desktop\repo\nueva carpeta\algoritmostrabajofinal\algoritmostrabajofinal\debug\arbolrn.obj
c:\users\win7\desktop\repo\nueva carpeta\algoritmostrabajofinal\algoritmostrabajofinal\debug\arma.obj
c:\users\win7\desktop\repo\nueva carpeta\algoritmostrabajofinal\algoritmostrabajofinal\debug\atributo.obj
c:\users\win7\desktop\repo\nueva carpeta\algoritmostrabajofinal\algoritmostrabajofinal\debug\enemigo.obj
c:\users\win7\desktop\repo\nueva carpeta\algoritmostrabajofinal\algoritmostrabajofinal\debug\imagen.obj
c:\users\win7\desktop\repo\nueva carpeta\algoritmostrabajofinal\algoritmostrabajofinal\debug\juegocontroller.obj
c:\users\win7\desktop\repo\nueva carpeta\algoritmostrabajofinal\algoritmostrabajofinal\debug\jugador.obj
c:\users\win7\desktop\repo\nueva carpeta\algoritmostrabajofinal\algoritmostrabajofinal\debug\mapa.obj
c:\users\win7\desktop\repo\nueva carpeta\algoritmostrabajofinal\algoritmostrabajofinal\debug\mision.obj
c:\users\win7\desktop\repo\nueva carpeta\algoritmostrabajofinal\algoritmostrabajofinal\debug\myform.obj
c:\users\win7\desktop\repo\nueva carpeta\algoritmostrabajofinal\algoritmostrabajofinal\debug\objetoanimado.obj
c:\users\win7\desktop\repo\nueva carpeta\algoritmostrabajofinal\algoritmostrabajofinal\debug\personaje.obj
c:\users\win7\desktop\repo\nueva carpeta\algoritmostrabajofinal\algoritmostrabajofinal\debug\zona.obj
c:\users\win7\desktop\repo\nueva carpeta\algoritmostrabajofinal\algoritmostrabajofinal\debug\algoritmostrabajofinal.myform.resources
c:\users\win7\desktop\repo\nueva carpeta\algoritmostrabajofinal\algoritmostrabajofinal\debug\vc120.pdb
c:\users\win7\desktop\repo\nueva carpeta\algoritmostrabajofinal\debug\algoritmostrabajofinal.pdb
c:\users\win7\desktop\repo\nueva carpeta\algoritmostrabajofinal\debug\algoritmostrabajofinal.exe
c:\users\win7\desktop\repo\nueva carpeta\algoritmostrabajofinal\algoritmostrabajofinal\debug\algoritm.dd470246.tlog\algoritmostrabajofinal.write.1u.tlog
c:\users\win7\desktop\repo\nueva carpeta\algoritmostrabajofinal\algoritmostrabajofinal\debug\algoritm.dd470246.tlog\cl.command.1.tlog
c:\users\win7\desktop\repo\nueva carpeta\algoritmostrabajofinal\algoritmostrabajofinal\debug\algoritm.dd470246.tlog\cl.read.1.tlog
c:\users\win7\desktop\repo\nueva carpeta\algoritmostrabajofinal\algoritmostrabajofinal\debug\algoritm.dd470246.tlog\cl.write.1.tlog
c:\users\win7\desktop\repo\nueva carpeta\algoritmostrabajofinal\algoritmostrabajofinal\debug\algoritm.dd470246.tlog\link.command.1.tlog
c:\users\win7\desktop\repo\nueva carpeta\algoritmostrabajofinal\algoritmostrabajofinal\debug\algoritm.dd470246.tlog\link.read.1.tlog
c:\users\win7\desktop\repo\nueva carpeta\algoritmostrabajofinal\algoritmostrabajofinal\debug\algoritm.dd470246.tlog\link.write.1.tlog
c:\users\win7\desktop\repo\nueva carpeta\algoritmostrabajofinal\algoritmostrabajofinal\debug\algoritm.dd470246.tlog\metagen.read.1.tlog
c:\users\win7\desktop\repo\nueva carpeta\algoritmostrabajofinal\algoritmostrabajofinal\debug\algoritm.dd470246.tlog\metagen.write.1.tlog
c:\users\win7\desktop\repo\nueva carpeta\algoritmostrabajofinal\algoritmostrabajofinal\debug\algoritm.dd470246.tlog\tzres.dll.bi
